<?xml version="1.0" encoding="UTF-8"?>
<coverage generated="1562723763709" clover="3.2.0">
  <project timestamp="1562723763709" name="All files">
    <metrics statements="26" coveredstatements="12" conditionals="2" coveredconditionals="0" methods="13" coveredmethods="4" elements="41" coveredelements="16" complexity="0" loc="26" ncloc="26" packages="1" files="3" classes="3"/>
    <file name="CurrentMenu.jsx" path="/Users/macbookpro/Documents/hrprep/precourse/restaurant-menus/client/src/components/CurrentMenu.jsx">
      <metrics statements="8" coveredstatements="3" conditionals="0" coveredconditionals="0" methods="3" coveredmethods="0"/>
      <line num="4" count="1" type="stmt"/>
      <line num="5" count="0" type="stmt"/>
      <line num="6" count="0" type="stmt"/>
      <line num="7" count="0" type="stmt"/>
      <line num="12" count="0" type="stmt"/>
      <line num="23" count="0" type="stmt"/>
      <line num="30" count="1" type="stmt"/>
      <line num="34" count="1" type="stmt"/>
    </file>
    <file name="MenuButtons.jsx" path="/Users/macbookpro/Documents/hrprep/precourse/restaurant-menus/client/src/components/MenuButtons.jsx">
      <metrics statements="4" coveredstatements="2" conditionals="0" coveredconditionals="0" methods="2" coveredmethods="0"/>
      <line num="3" count="1" type="stmt"/>
      <line num="4" count="0" type="stmt"/>
      <line num="6" count="0" type="stmt"/>
      <line num="10" count="1" type="stmt"/>
    </file>
    <file name="RestaurantMenus.jsx" path="/Users/macbookpro/Documents/hrprep/precourse/restaurant-menus/client/src/components/RestaurantMenus.jsx">
      <metrics statements="14" coveredstatements="7" conditionals="2" coveredconditionals="0" methods="8" coveredmethods="4"/>
      <line num="8" count="1" type="stmt"/>
      <line num="9" count="1" type="stmt"/>
      <line num="13" count="1" type="stmt"/>
      <line num="17" count="1" type="stmt"/>
      <line num="21" count="1" type="stmt"/>
      <line num="23" count="0" type="stmt"/>
      <line num="24" count="0" type="cond" truecount="0" falsecount="2"/>
      <line num="25" count="0" type="stmt"/>
      <line num="29" count="0" type="stmt"/>
      <line num="34" count="0" type="stmt"/>
      <line num="35" count="0" type="stmt"/>
      <line num="39" count="1" type="stmt"/>
      <line num="40" count="1" type="stmt"/>
      <line num="44" count="0" type="stmt"/>
    </file>
  </project>
</coverage>
