{"/Users/macbookpro/Documents/hrprep/precourse/restaurant-menus/client/src/components/CurrentMenu.jsx": {"path":"/Users/macbookpro/Documents/hrprep/precourse/restaurant-menus/client/src/components/CurrentMenu.jsx","statementMap":{"0":{"start":{"line":4,"column":20},"end":{"line":28,"column":1}},"1":{"start":{"line":5,"column":26},"end":{"line":5,"column":31}},"2":{"start":{"line":6,"column":15},"end":{"line":21,"column":4}},"3":{"start":{"line":7,"column":4},"end":{"line":20,"column":10}},"4":{"start":{"line":12,"column":8},"end":{"line":18,"column":14}},"5":{"start":{"line":23,"column":2},"end":{"line":27,"column":4}},"6":{"start":{"line":30,"column":0},"end":{"line":33,"column":2}},"7":{"start":{"line":34,"column":0},"end":{"line":34,"column":47}}},"fnMap":{"0":{"name":"(anonymous_0)","decl":{"start":{"line":4,"column":20},"end":{"line":4,"column":21}},"loc":{"start":{"line":4,"column":31},"end":{"line":28,"column":1}},"line":4},"1":{"name":"(anonymous_1)","decl":{"start":{"line":6,"column":31},"end":{"line":6,"column":32}},"loc":{"start":{"line":7,"column":4},"end":{"line":20,"column":10}},"line":7},"2":{"name":"(anonymous_2)","decl":{"start":{"line":11,"column":23},"end":{"line":11,"column":24}},"loc":{"start":{"line":12,"column":8},"end":{"line":18,"column":14}},"line":12}},"branchMap":{},"s":{"0":1,"1":0,"2":0,"3":0,"4":0,"5":0,"6":1,"7":1},"f":{"0":0,"1":0,"2":0},"b":{},"_coverageSchema":"43e27e138ebf9cfc5966b082cf9a028302ed4184","hash":"96f22e4e767f8e6766614d5ad5be5122f6c9fd24"}
,"/Users/macbookpro/Documents/hrprep/precourse/restaurant-menus/client/src/components/MenuButtons.jsx": {"path":"/Users/macbookpro/Documents/hrprep/precourse/restaurant-menus/client/src/components/MenuButtons.jsx","statementMap":{"0":{"start":{"line":3,"column":20},"end":{"line":8,"column":1}},"1":{"start":{"line":4,"column":2},"end":{"line":7,"column":4}},"2":{"start":{"line":6,"column":4},"end":{"line":6,"column":102}},"3":{"start":{"line":10,"column":0},"end":{"line":10,"column":41}}},"fnMap":{"0":{"name":"(anonymous_0)","decl":{"start":{"line":3,"column":20},"end":{"line":3,"column":21}},"loc":{"start":{"line":4,"column":2},"end":{"line":7,"column":4}},"line":4},"1":{"name":"(anonymous_1)","decl":{"start":{"line":4,"column":18},"end":{"line":4,"column":19}},"loc":{"start":{"line":6,"column":4},"end":{"line":6,"column":102}},"line":6}},"branchMap":{},"s":{"0":1,"1":0,"2":0,"3":1},"f":{"0":0,"1":0},"b":{},"_coverageSchema":"43e27e138ebf9cfc5966b082cf9a028302ed4184","hash":"3214959dff64003ebfa4f0049703ed22db80fa88"}
,"/Users/macbookpro/Documents/hrprep/precourse/restaurant-menus/client/src/components/RestaurantMenus.jsx": {"path":"/Users/macbookpro/Documents/hrprep/precourse/restaurant-menus/client/src/components/RestaurantMenus.jsx","statementMap":{"0":{"start":{"line":8,"column":4},"end":{"line":8,"column":17}},"1":{"start":{"line":9,"column":4},"end":{"line":12,"column":6}},"2":{"start":{"line":13,"column":4},"end":{"line":13,"column":51}},"3":{"start":{"line":17,"column":4},"end":{"line":17,"column":21}},"4":{"start":{"line":21,"column":4},"end":{"line":30,"column":9}},"5":{"start":{"line":23,"column":8},"end":{"line":23,"column":55}},"6":{"start":{"line":24,"column":8},"end":{"line":26,"column":9}},"7":{"start":{"line":25,"column":10},"end":{"line":25,"column":72}},"8":{"start":{"line":29,"column":8},"end":{"line":29,"column":25}},"9":{"start":{"line":34,"column":31},"end":{"line":34,"column":41}},"10":{"start":{"line":35,"column":4},"end":{"line":35,"column":79}},"11":{"start":{"line":39,"column":44},"end":{"line":39,"column":54}},"12":{"start":{"line":40,"column":4},"end":{"line":48,"column":6}},"13":{"start":{"line":44,"column":26},"end":{"line":44,"column":42}}},"fnMap":{"0":{"name":"(anonymous_0)","decl":{"start":{"line":7,"column":2},"end":{"line":7,"column":3}},"loc":{"start":{"line":7,"column":21},"end":{"line":14,"column":3}},"line":7},"1":{"name":"(anonymous_1)","decl":{"start":{"line":16,"column":2},"end":{"line":16,"column":3}},"loc":{"start":{"line":16,"column":22},"end":{"line":18,"column":3}},"line":16},"2":{"name":"(anonymous_2)","decl":{"start":{"line":20,"column":2},"end":{"line":20,"column":3}},"loc":{"start":{"line":20,"column":14},"end":{"line":31,"column":3}},"line":20},"3":{"name":"(anonymous_3)","decl":{"start":{"line":22,"column":12},"end":{"line":22,"column":13}},"loc":{"start":{"line":22,"column":21},"end":{"line":27,"column":7}},"line":22},"4":{"name":"(anonymous_4)","decl":{"start":{"line":28,"column":13},"end":{"line":28,"column":14}},"loc":{"start":{"line":28,"column":22},"end":{"line":30,"column":7}},"line":28},"5":{"name":"(anonymous_5)","decl":{"start":{"line":33,"column":2},"end":{"line":33,"column":3}},"loc":{"start":{"line":33,"column":17},"end":{"line":36,"column":3}},"line":33},"6":{"name":"(anonymous_6)","decl":{"start":{"line":38,"column":2},"end":{"line":38,"column":3}},"loc":{"start":{"line":38,"column":11},"end":{"line":49,"column":3}},"line":38},"7":{"name":"(anonymous_7)","decl":{"start":{"line":44,"column":19},"end":{"line":44,"column":20}},"loc":{"start":{"line":44,"column":26},"end":{"line":44,"column":42}},"line":44}},"branchMap":{"0":{"loc":{"start":{"line":24,"column":8},"end":{"line":26,"column":9}},"type":"if","locations":[{"start":{"line":24,"column":8},"end":{"line":26,"column":9}},{"start":{"line":24,"column":8},"end":{"line":26,"column":9}}],"line":24}},"s":{"0":1,"1":1,"2":1,"3":1,"4":1,"5":0,"6":0,"7":0,"8":0,"9":0,"10":0,"11":1,"12":1,"13":0},"f":{"0":1,"1":1,"2":1,"3":0,"4":0,"5":0,"6":1,"7":0},"b":{"0":[0,0]},"_coverageSchema":"43e27e138ebf9cfc5966b082cf9a028302ed4184","hash":"81566222c778506d4a6a78cc0b87834bd0f7b1f3"}
}
